########### array before sorts ###########
0	34.290000	11.430000	110.470000	11.430000	n
1	110.470000	11.430000	110.470000	70.790000	n
2	110.470000	70.790000	34.290000	70.790000	n
3	34.290000	70.790000	34.290000	11.430000	n
Tolerance=0.050000.
*Exact match for i=0 and j=1.
*i point 34.290000	11.430000	110.470000	11.430000	y
*Exact match for i=1 and j=2.
*i point 110.470000	11.430000	110.470000	70.790000	y
*Exact match for i=2 and j=3.
*i point 110.470000	70.790000	34.290000	70.790000	y
########### array after sorts ###########
0	34.290000	11.430000	110.470000	11.430000	y
1	110.470000	11.430000	110.470000	70.790000	y
2	110.470000	70.790000	34.290000	70.790000	y
3	34.290000	70.790000	34.290000	11.430000	y
***************
.BOARD_OUTLINE UNOWNED
1.6
0     34.290000     11.430000     0
0     110.470000     11.430000     0
0     110.470000     70.790000     0
0     34.290000     70.790000     0
0     34.290000     11.430000     0
