########### array before sorts ###########
0	64.516000	53.340000	66.040000	51.816000	n
1	66.040000	40.386000	68.580000	37.846000	n
2	68.580000	37.846000	68.580000	5.080000	n
3	68.580000	5.080000	66.040000	2.540000	n
4	66.040000	2.540000	66.040000	1.000000	n
5	66.040000	1.000000	66.005926	0.741181	n
6	66.005926	0.741181	65.906025	0.500000	n
7	65.906025	0.500000	65.747107	0.292893	n
8	65.747107	0.292893	65.540000	0.133975	n
9	65.540000	0.133975	65.298819	0.034074	n
10	65.298819	0.034074	65.040000	0.000000	n
11	65.040000	0.000000	1.000000	0.000000	n
12	1.000000	0.000000	0.741181	0.034074	n
13	0.741181	0.034074	0.500000	0.133975	n
14	0.500000	0.133975	0.292893	0.292893	n
15	0.292893	0.292893	0.133975	0.500000	n
16	0.133975	0.500000	0.034074	0.741181	n
17	0.034074	0.741181	0.000000	1.000000	n
18	0.000000	1.000000	0.000000	52.340000	n
19	0.000000	52.340000	0.034074	52.598819	n
20	0.034074	52.598819	0.133975	52.840000	n
21	0.133975	52.840000	0.292893	53.047107	n
22	0.292893	53.047107	0.500000	53.206025	n
23	0.500000	53.206025	0.741181	53.305926	n
24	0.741181	53.305926	1.000000	53.340000	n
25	1.000000	53.340000	64.516000	53.340000	n
26	66.040000	51.816000	66.040000	40.386000	n
Tolerance=0.050000.
*Exact match for i=0 and j=26.
*i point 64.516000	53.340000	66.040000	51.816000	y
*Exact match for i=1 and j=26.
*i point 66.040000	51.816000	66.040000	40.386000	y
*Exact match for i=2 and j=26.
*i point 66.040000	40.386000	68.580000	37.846000	y
*Exact match for i=3 and j=26.
*i point 68.580000	37.846000	68.580000	5.080000	y
*Exact match for i=4 and j=26.
*i point 68.580000	5.080000	66.040000	2.540000	y
*Exact match for i=5 and j=26.
*i point 66.040000	2.540000	66.040000	1.000000	y
*Exact match for i=6 and j=26.
*i point 66.040000	1.000000	66.005926	0.741181	y
*Exact match for i=7 and j=26.
*i point 66.005926	0.741181	65.906025	0.500000	y
*Exact match for i=8 and j=26.
*i point 65.906025	0.500000	65.747107	0.292893	y
*Exact match for i=9 and j=26.
*i point 65.747107	0.292893	65.540000	0.133975	y
*Exact match for i=10 and j=26.
*i point 65.540000	0.133975	65.298819	0.034074	y
*Exact match for i=11 and j=26.
*i point 65.298819	0.034074	65.040000	0.000000	y
*Exact match for i=12 and j=26.
*i point 65.040000	0.000000	1.000000	0.000000	y
*Exact match for i=13 and j=26.
*i point 1.000000	0.000000	0.741181	0.034074	y
*Exact match for i=14 and j=26.
*i point 0.741181	0.034074	0.500000	0.133975	y
*Exact match for i=15 and j=26.
*i point 0.500000	0.133975	0.292893	0.292893	y
*Exact match for i=16 and j=26.
*i point 0.292893	0.292893	0.133975	0.500000	y
*Exact match for i=17 and j=26.
*i point 0.133975	0.500000	0.034074	0.741181	y
*Exact match for i=18 and j=26.
*i point 0.034074	0.741181	0.000000	1.000000	y
*Exact match for i=19 and j=26.
*i point 0.000000	1.000000	0.000000	52.340000	y
*Exact match for i=20 and j=26.
*i point 0.000000	52.340000	0.034074	52.598819	y
*Exact match for i=21 and j=26.
*i point 0.034074	52.598819	0.133975	52.840000	y
*Exact match for i=22 and j=26.
*i point 0.133975	52.840000	0.292893	53.047107	y
*Exact match for i=23 and j=26.
*i point 0.292893	53.047107	0.500000	53.206025	y
*Exact match for i=24 and j=26.
*i point 0.500000	53.206025	0.741181	53.305926	y
*Exact match for i=25 and j=26.
*i point 0.741181	53.305926	1.000000	53.340000	y
########### array after sorts ###########
0	64.516000	53.340000	66.040000	51.816000	y
1	66.040000	51.816000	66.040000	40.386000	y
2	66.040000	40.386000	68.580000	37.846000	y
3	68.580000	37.846000	68.580000	5.080000	y
4	68.580000	5.080000	66.040000	2.540000	y
5	66.040000	2.540000	66.040000	1.000000	y
6	66.040000	1.000000	66.005926	0.741181	y
7	66.005926	0.741181	65.906025	0.500000	y
8	65.906025	0.500000	65.747107	0.292893	y
9	65.747107	0.292893	65.540000	0.133975	y
10	65.540000	0.133975	65.298819	0.034074	y
11	65.298819	0.034074	65.040000	0.000000	y
12	65.040000	0.000000	1.000000	0.000000	y
13	1.000000	0.000000	0.741181	0.034074	y
14	0.741181	0.034074	0.500000	0.133975	y
15	0.500000	0.133975	0.292893	0.292893	y
16	0.292893	0.292893	0.133975	0.500000	y
17	0.133975	0.500000	0.034074	0.741181	y
18	0.034074	0.741181	0.000000	1.000000	y
19	0.000000	1.000000	0.000000	52.340000	y
20	0.000000	52.340000	0.034074	52.598819	y
21	0.034074	52.598819	0.133975	52.840000	y
22	0.133975	52.840000	0.292893	53.047107	y
23	0.292893	53.047107	0.500000	53.206025	y
24	0.500000	53.206025	0.741181	53.305926	y
25	0.741181	53.305926	1.000000	53.340000	y
26	1.000000	53.340000	64.516000	53.340000	y
***************
.BOARD_OUTLINE UNOWNED
1.6
0     64.516000     53.340000     0
0     66.040000     51.816000     0
0     66.040000     40.386000     0
0     68.580000     37.846000     0
0     68.580000     5.080000     0
0     66.040000     2.540000     0
0     66.040000     1.000000     0
0     66.005926     0.741181     0
0     65.906025     0.500000     0
0     65.747107     0.292893     0
0     65.540000     0.133975     0
0     65.298819     0.034074     0
0     65.040000     0.000000     0
0     1.000000     0.000000     0
0     0.741181     0.034074     0
0     0.500000     0.133975     0
0     0.292893     0.292893     0
0     0.133975     0.500000     0
0     0.034074     0.741181     0
0     0.000000     1.000000     0
0     0.000000     52.340000     0
0     0.034074     52.598819     0
0     0.133975     52.840000     0
0     0.292893     53.047107     0
0     0.500000     53.206025     0
0     0.741181     53.305926     0
0     1.000000     53.340000     0
0     64.516000     53.340000     0
